# JRE version: Java(TM) SE Runtime Environment (22.0.2+9) (build 22.0.2+9-70)
# Java VM: Java HotSpot(TM) 64-Bit Server VM (22.0.2+9-70, mixed mode, sharing, tiered, compressed oops, compressed class ptrs, g1 gc, windows-amd64)
GC Precious Log:
 CardTable entry size: 512
 Card Set container configuration: InlinePtr #cards 5 size 8 Array Of Cards #cards 12 size 40 Howl #buckets 4 coarsen threshold 1843 Howl Bitmap #cards 512 size 80 coarsen threshold 460 Card regions per heap region 1 cards per card region 2048
 CPUs: 8 total, 8 available
 Memory: 12093M
 Large Page Support: Disabled
 NUMA Support: Disabled
 Compressed Oops: Enabled (32-bit)
 Heap Region Size: 1M
 Heap Min Capacity: 8M
 Heap Initial Capacity: 190M
 Heap Max Capacity: 2G
 Pre-touch: Disabled
 Parallel Workers: 8
 Concurrent Workers: 2
 Concurrent Refinement Workers: 8
 Periodic GC: Disabled
Heap:
 garbage-first heap   total reserved 2097152K, committed 199680K, used 132938K [0x0000000080000000, 0x0000000100000000)
  region size 1024K, 16 young (16384K), 8 survivors (8192K)
 Metaspace       used 105540K, committed 107776K, reserved 1179648K
  class space    used 14885K, committed 15936K, reserved 1048576K
GC Heap History (20 events):
Event: 15.166 GC heap before
{Heap before GC invocations=31 (full 0):
 garbage-first heap   total reserved 2097152K, committed 158720K, used 129915K [0x0000000080000000, 0x0000000100000000)
  region size 1024K, 37 young (37888K), 2 survivors (2048K)
 Metaspace       used 84555K, committed 86528K, reserved 1179648K
  class space    used 11857K, committed 12800K, reserved 1048576K
}
Event: 15.169 GC heap after
{Heap after GC invocations=32 (full 0):
 garbage-first heap   total reserved 2097152K, committed 158720K, used 95147K [0x0000000080000000, 0x0000000100000000)
  region size 1024K, 3 young (3072K), 3 survivors (3072K)
 Metaspace       used 84555K, committed 86528K, reserved 1179648K
  class space    used 11857K, committed 12800K, reserved 1048576K
}
Event: 15.714 GC heap before
{Heap before GC invocations=32 (full 0):
 garbage-first heap   total reserved 2097152K, committed 158720K, used 144299K [0x0000000080000000, 0x0000000100000000)
  region size 1024K, 51 young (52224K), 3 survivors (3072K)
 Metaspace       used 88051K, committed 90112K, reserved 1179648K
  class space    used 12511K, committed 13504K, reserved 1048576K
}
Event: 15.718 GC heap after
{Heap after GC invocations=33 (full 0):
 garbage-first heap   total reserved 2097152K, committed 158720K, used 96876K [0x0000000080000000, 0x0000000100000000)
  region size 1024K, 5 young (5120K), 5 survivors (5120K)
 Metaspace       used 88051K, committed 90112K, reserved 1179648K
  class space    used 12511K, committed 13504K, reserved 1048576K
}
Event: 16.333 GC heap before
{Heap before GC invocations=33 (full 0):
 garbage-first heap   total reserved 2097152K, committed 158720K, used 142956K [0x0000000080000000, 0x0000000100000000)
  region size 1024K, 50 young (51200K), 5 survivors (5120K)
 Metaspace       used 91288K, committed 93440K, reserved 1179648K
  class space    used 12994K, committed 14016K, reserved 1048576K
}
Event: 16.339 GC heap after
{Heap after GC invocations=34 (full 0):
 garbage-first heap   total reserved 2097152K, committed 158720K, used 99620K [0x0000000080000000, 0x0000000100000000)
  region size 1024K, 6 young (6144K), 6 survivors (6144K)
 Metaspace       used 91288K, committed 93440K, reserved 1179648K
  class space    used 12994K, committed 14016K, reserved 1048576K
}
Event: 17.249 GC heap before
{Heap before GC invocations=35 (full 0):
 garbage-first heap   total reserved 2097152K, committed 167936K, used 142628K [0x0000000080000000, 0x0000000100000000)
  region size 1024K, 48 young (49152K), 6 survivors (6144K)
 Metaspace       used 94420K, committed 96640K, reserved 1179648K
  class space    used 13504K, committed 14592K, reserved 1048576K
}
Event: 17.254 GC heap after
{Heap after GC invocations=36 (full 0):
 garbage-first heap   total reserved 2097152K, committed 167936K, used 101758K [0x0000000080000000, 0x0000000100000000)
  region size 1024K, 5 young (5120K), 5 survivors (5120K)
 Metaspace       used 94420K, committed 96640K, reserved 1179648K
  class space    used 13504K, committed 14592K, reserved 1048576K
}
Event: 18.069 GC heap before
{Heap before GC invocations=36 (full 0):
 garbage-first heap   total reserved 2097152K, committed 167936K, used 152958K [0x0000000080000000, 0x0000000100000000)
  region size 1024K, 55 young (56320K), 5 survivors (5120K)
 Metaspace       used 97492K, committed 99712K, reserved 1179648K
  class space    used 13909K, committed 14976K, reserved 1048576K
}
Event: 18.076 GC heap after
{Heap after GC invocations=37 (full 0):
 garbage-first heap   total reserved 2097152K, committed 167936K, used 105099K [0x0000000080000000, 0x0000000100000000)
  region size 1024K, 6 young (6144K), 6 survivors (6144K)
 Metaspace       used 97492K, committed 99712K, reserved 1179648K
  class space    used 13909K, committed 14976K, reserved 1048576K
}
Event: 18.390 GC heap before
{Heap before GC invocations=37 (full 0):
 garbage-first heap   total reserved 2097152K, committed 167936K, used 127627K [0x0000000080000000, 0x0000000100000000)
  region size 1024K, 30 young (30720K), 6 survivors (6144K)
 Metaspace       used 98873K, committed 101056K, reserved 1179648K
  class space    used 14040K, committed 15104K, reserved 1048576K
}
Event: 18.397 GC heap after
{Heap after GC invocations=38 (full 0):
 garbage-first heap   total reserved 2097152K, committed 167936K, used 109959K [0x0000000080000000, 0x0000000100000000)
  region size 1024K, 5 young (5120K), 5 survivors (5120K)
 Metaspace       used 98873K, committed 101056K, reserved 1179648K
  class space    used 14040K, committed 15104K, reserved 1048576K
}
Event: 19.176 GC heap before
{Heap before GC invocations=39 (full 0):
 garbage-first heap   total reserved 2097152K, committed 193536K, used 156039K [0x0000000080000000, 0x0000000100000000)
  region size 1024K, 46 young (47104K), 5 survivors (5120K)
 Metaspace       used 101516K, committed 103744K, reserved 1179648K
  class space    used 14336K, committed 15424K, reserved 1048576K
}
Event: 19.183 GC heap after
{Heap after GC invocations=40 (full 0):
 garbage-first heap   total reserved 2097152K, committed 193536K, used 114494K [0x0000000080000000, 0x0000000100000000)
  region size 1024K, 5 young (5120K), 5 survivors (5120K)
 Metaspace       used 101516K, committed 103744K, reserved 1179648K
  class space    used 14336K, committed 15424K, reserved 1048576K
}
Event: 19.939 GC heap before
{Heap before GC invocations=40 (full 0):
 garbage-first heap   total reserved 2097152K, committed 193536K, used 174910K [0x0000000080000000, 0x0000000100000000)
  region size 1024K, 65 young (66560K), 5 survivors (5120K)
 Metaspace       used 101870K, committed 104064K, reserved 1179648K
  class space    used 14407K, committed 15488K, reserved 1048576K
}
Event: 19.946 GC heap after
{Heap after GC invocations=41 (full 0):
 garbage-first heap   total reserved 2097152K, committed 193536K, used 116860K [0x0000000080000000, 0x0000000100000000)
  region size 1024K, 8 young (8192K), 8 survivors (8192K)
 Metaspace       used 101870K, committed 104064K, reserved 1179648K
  class space    used 14407K, committed 15488K, reserved 1048576K
}
Event: 20.647 GC heap before
{Heap before GC invocations=41 (full 0):
 garbage-first heap   total reserved 2097152K, committed 193536K, used 173180K [0x0000000080000000, 0x0000000100000000)
  region size 1024K, 64 young (65536K), 8 survivors (8192K)
 Metaspace       used 102107K, committed 104320K, reserved 1179648K
  class space    used 14437K, committed 15488K, reserved 1048576K
}
Event: 20.654 GC heap after
{Heap after GC invocations=42 (full 0):
 garbage-first heap   total reserved 2097152K, committed 193536K, used 119745K [0x0000000080000000, 0x0000000100000000)
  region size 1024K, 6 young (6144K), 6 survivors (6144K)
 Metaspace       used 102107K, committed 104320K, reserved 1179648K
  class space    used 14437K, committed 15488K, reserved 1048576K
}
Event: 21.208 GC heap before
{Heap before GC invocations=43 (full 0):
 garbage-first heap   total reserved 2097152K, committed 199680K, used 175041K [0x0000000080000000, 0x0000000100000000)
  region size 1024K, 61 young (62464K), 6 survivors (6144K)
 Metaspace       used 102418K, committed 104640K, reserved 1179648K
  class space    used 14468K, committed 15552K, reserved 1048576K
}
Event: 21.214 GC heap after
{Heap after GC invocations=44 (full 0):
 garbage-first heap   total reserved 2097152K, committed 199680K, used 122734K [0x0000000080000000, 0x0000000100000000)
  region size 1024K, 6 young (6144K), 6 survivors (6144K)
 Metaspace       used 102418K, committed 104640K, reserved 1179648K
  class space    used 14468K, committed 15552K, reserved 1048576K
}

