# JRE version: Java(TM) SE Runtime Environment (22.0.2+9) (build 22.0.2+9-70)
# Java VM: Java HotSpot(TM) 64-Bit Server VM (22.0.2+9-70, mixed mode, sharing, tiered, compressed oops, compressed class ptrs, g1 gc, windows-amd64)
GC Precious Log:
 CardTable entry size: 512
 Card Set container configuration: InlinePtr #cards 5 size 8 Array Of Cards #cards 12 size 40 Howl #buckets 4 coarsen threshold 1843 Howl Bitmap #cards 512 size 80 coarsen threshold 460 Card regions per heap region 1 cards per card region 2048
 CPUs: 8 total, 8 available
 Memory: 12093M
 Large Page Support: Disabled
 NUMA Support: Disabled
 Compressed Oops: Enabled (32-bit)
 Heap Region Size: 1M
 Heap Min Capacity: 8M
 Heap Initial Capacity: 190M
 Heap Max Capacity: 2G
 Pre-touch: Disabled
 Parallel Workers: 8
 Concurrent Workers: 2
 Concurrent Refinement Workers: 8
 Periodic GC: Disabled
Heap:
 garbage-first heap   total reserved 2097152K, committed 347136K, used 218112K [0x0000000080000000, 0x0000000100000000)
  region size 1024K, 5 young (5120K), 5 survivors (5120K)
 Metaspace       used 104024K, committed 106304K, reserved 1179648K
  class space    used 14819K, committed 15936K, reserved 1048576K
GC Heap History (20 events):
Event: 17.860 GC heap after
{Heap after GC invocations=35 (full 0):
 garbage-first heap   total reserved 2097152K, committed 175104K, used 114212K [0x0000000080000000, 0x0000000100000000)
  region size 1024K, 3 young (3072K), 3 survivors (3072K)
 Metaspace       used 96396K, committed 98624K, reserved 1179648K
  class space    used 13730K, committed 14784K, reserved 1048576K
}
Event: 18.434 GC heap before
{Heap before GC invocations=36 (full 0):
 garbage-first heap   total reserved 2097152K, committed 191488K, used 160292K [0x0000000080000000, 0x0000000100000000)
  region size 1024K, 49 young (50176K), 3 survivors (3072K)
 Metaspace       used 96618K, committed 98880K, reserved 1179648K
  class space    used 13758K, committed 14848K, reserved 1048576K
}
Event: 18.439 GC heap after
{Heap after GC invocations=37 (full 0):
 garbage-first heap   total reserved 2097152K, committed 191488K, used 116306K [0x0000000080000000, 0x0000000100000000)
  region size 1024K, 5 young (5120K), 5 survivors (5120K)
 Metaspace       used 96618K, committed 98880K, reserved 1179648K
  class space    used 13758K, committed 14848K, reserved 1048576K
}
Event: 18.902 GC heap before
{Heap before GC invocations=37 (full 0):
 garbage-first heap   total reserved 2097152K, committed 191488K, used 174674K [0x0000000080000000, 0x0000000100000000)
  region size 1024K, 63 young (64512K), 5 survivors (5120K)
 Metaspace       used 96935K, committed 99264K, reserved 1179648K
  class space    used 13791K, committed 14912K, reserved 1048576K
}
Event: 18.910 GC heap after
{Heap after GC invocations=38 (full 0):
 garbage-first heap   total reserved 2097152K, committed 191488K, used 119423K [0x0000000080000000, 0x0000000100000000)
  region size 1024K, 7 young (7168K), 7 survivors (7168K)
 Metaspace       used 96935K, committed 99264K, reserved 1179648K
  class space    used 13791K, committed 14912K, reserved 1048576K
}
Event: 19.664 GC heap before
{Heap before GC invocations=38 (full 0):
 garbage-first heap   total reserved 2097152K, committed 191488K, used 171647K [0x0000000080000000, 0x0000000100000000)
  region size 1024K, 59 young (60416K), 7 survivors (7168K)
 Metaspace       used 99636K, committed 101888K, reserved 1179648K
  class space    used 14131K, committed 15232K, reserved 1048576K
}
Event: 19.673 GC heap after
{Heap after GC invocations=39 (full 0):
 garbage-first heap   total reserved 2097152K, committed 191488K, used 123585K [0x0000000080000000, 0x0000000100000000)
  region size 1024K, 8 young (8192K), 8 survivors (8192K)
 Metaspace       used 99636K, committed 101888K, reserved 1179648K
  class space    used 14131K, committed 15232K, reserved 1048576K
}
Event: 20.048 GC heap before
{Heap before GC invocations=40 (full 0):
 garbage-first heap   total reserved 2097152K, committed 206848K, used 170689K [0x0000000080000000, 0x0000000100000000)
  region size 1024K, 55 young (56320K), 8 survivors (8192K)
 Metaspace       used 100430K, committed 102720K, reserved 1179648K
  class space    used 14255K, committed 15360K, reserved 1048576K
}
Event: 20.056 GC heap after
{Heap after GC invocations=41 (full 0):
 garbage-first heap   total reserved 2097152K, committed 206848K, used 125151K [0x0000000080000000, 0x0000000100000000)
  region size 1024K, 2 young (2048K), 2 survivors (2048K)
 Metaspace       used 100430K, committed 102720K, reserved 1179648K
  class space    used 14255K, committed 15360K, reserved 1048576K
}
Event: 20.575 GC heap before
{Heap before GC invocations=41 (full 0):
 garbage-first heap   total reserved 2097152K, committed 206848K, used 193759K [0x0000000080000000, 0x0000000100000000)
  region size 1024K, 68 young (69632K), 2 survivors (2048K)
 Metaspace       used 101279K, committed 103552K, reserved 1179648K
  class space    used 14382K, committed 15488K, reserved 1048576K
}
Event: 20.587 GC heap after
{Heap after GC invocations=42 (full 0):
 garbage-first heap   total reserved 2097152K, committed 251904K, used 137813K [0x0000000080000000, 0x0000000100000000)
  region size 1024K, 9 young (9216K), 9 survivors (9216K)
 Metaspace       used 101279K, committed 103552K, reserved 1179648K
  class space    used 14382K, committed 15488K, reserved 1048576K
}
Event: 20.786 GC heap before
{Heap before GC invocations=42 (full 0):
 garbage-first heap   total reserved 2097152K, committed 251904K, used 226901K [0x0000000080000000, 0x0000000100000000)
  region size 1024K, 97 young (99328K), 9 survivors (9216K)
 Metaspace       used 101883K, committed 104128K, reserved 1179648K
  class space    used 14460K, committed 15552K, reserved 1048576K
}
Event: 20.796 GC heap after
{Heap after GC invocations=43 (full 0):
 garbage-first heap   total reserved 2097152K, committed 258048K, used 158460K [0x0000000080000000, 0x0000000100000000)
  region size 1024K, 13 young (13312K), 13 survivors (13312K)
 Metaspace       used 101883K, committed 104128K, reserved 1179648K
  class space    used 14460K, committed 15552K, reserved 1048576K
}
Event: 21.086 GC heap before
{Heap before GC invocations=44 (full 0):
 garbage-first heap   total reserved 2097152K, committed 265216K, used 229116K [0x0000000080000000, 0x0000000100000000)
  region size 1024K, 83 young (84992K), 13 survivors (13312K)
 Metaspace       used 102402K, committed 104704K, reserved 1179648K
  class space    used 14557K, committed 15680K, reserved 1048576K
}
Event: 21.096 GC heap after
{Heap after GC invocations=45 (full 0):
 garbage-first heap   total reserved 2097152K, committed 265216K, used 177751K [0x0000000080000000, 0x0000000100000000)
  region size 1024K, 11 young (11264K), 11 survivors (11264K)
 Metaspace       used 102402K, committed 104704K, reserved 1179648K
  class space    used 14557K, committed 15680K, reserved 1048576K
}
Event: 21.368 GC heap before
{Heap before GC invocations=45 (full 0):
 garbage-first heap   total reserved 2097152K, committed 265216K, used 236119K [0x0000000080000000, 0x0000000100000000)
  region size 1024K, 69 young (70656K), 11 survivors (11264K)
 Metaspace       used 103066K, committed 105280K, reserved 1179648K
  class space    used 14656K, committed 15744K, reserved 1048576K
}
Event: 21.378 GC heap after
{Heap after GC invocations=46 (full 0):
 garbage-first heap   total reserved 2097152K, committed 267264K, used 193373K [0x0000000080000000, 0x0000000100000000)
  region size 1024K, 9 young (9216K), 9 survivors (9216K)
 Metaspace       used 103066K, committed 105280K, reserved 1179648K
  class space    used 14656K, committed 15744K, reserved 1048576K
}
Event: 21.586 GC heap before
{Heap before GC invocations=46 (full 0):
 garbage-first heap   total reserved 2097152K, committed 267264K, used 241501K [0x0000000080000000, 0x0000000100000000)
  region size 1024K, 56 young (57344K), 9 survivors (9216K)
 Metaspace       used 103660K, committed 105920K, reserved 1179648K
  class space    used 14753K, committed 15872K, reserved 1048576K
}
Event: 21.593 GC heap after
{Heap after GC invocations=47 (full 0):
 garbage-first heap   total reserved 2097152K, committed 267264K, used 207872K [0x0000000080000000, 0x0000000100000000)
  region size 1024K, 7 young (7168K), 7 survivors (7168K)
 Metaspace       used 103660K, committed 105920K, reserved 1179648K
  class space    used 14753K, committed 15872K, reserved 1048576K
}
Event: 21.900 GC heap before
{Heap before GC invocations=48 (full 0):
 garbage-first heap   total reserved 2097152K, committed 347136K, used 241664K [0x0000000080000000, 0x0000000100000000)
  region size 1024K, 40 young (40960K), 7 survivors (7168K)
 Metaspace       used 104024K, committed 106304K, reserved 1179648K
  class space    used 14819K, committed 15936K, reserved 1048576K
}

