# JRE version: Java(TM) SE Runtime Environment (22.0.2+9) (build 22.0.2+9-70)
# Java VM: Java HotSpot(TM) 64-Bit Server VM (22.0.2+9-70, mixed mode, sharing, tiered, compressed oops, compressed class ptrs, g1 gc, windows-amd64)
GC Precious Log:
 CardTable entry size: 512
 Card Set container configuration: InlinePtr #cards 5 size 8 Array Of Cards #cards 12 size 40 Howl #buckets 4 coarsen threshold 1843 Howl Bitmap #cards 512 size 80 coarsen threshold 460 Card regions per heap region 1 cards per card region 2048
 CPUs: 8 total, 8 available
 Memory: 12093M
 Large Page Support: Disabled
 NUMA Support: Disabled
 Compressed Oops: Enabled (32-bit)
 Heap Region Size: 1M
 Heap Min Capacity: 8M
 Heap Initial Capacity: 190M
 Heap Max Capacity: 2G
 Pre-touch: Disabled
 Parallel Workers: 8
 Concurrent Workers: 2
 Concurrent Refinement Workers: 8
 Periodic GC: Disabled
Heap:
 garbage-first heap   total reserved 2097152K, committed 258048K, used 226941K [0x0000000080000000, 0x0000000100000000)
  region size 1024K, 64 young (65536K), 10 survivors (10240K)
 Metaspace       used 107719K, committed 109888K, reserved 1179648K
  class space    used 15384K, committed 16448K, reserved 1048576K
GC Heap History (20 events):
Event: 20.346 GC heap before
{Heap before GC invocations=37 (full 0):
 garbage-first heap   total reserved 2097152K, committed 189440K, used 172433K [0x0000000080000000, 0x0000000100000000)
  region size 1024K, 66 young (67584K), 5 survivors (5120K)
 Metaspace       used 96361K, committed 98560K, reserved 1179648K
  class space    used 13713K, committed 14784K, reserved 1048576K
}
Event: 20.364 GC heap after
{Heap after GC invocations=38 (full 0):
 garbage-first heap   total reserved 2097152K, committed 189440K, used 113808K [0x0000000080000000, 0x0000000100000000)
  region size 1024K, 4 young (4096K), 4 survivors (4096K)
 Metaspace       used 96361K, committed 98560K, reserved 1179648K
  class space    used 13713K, committed 14784K, reserved 1048576K
}
Event: 22.180 GC heap before
{Heap before GC invocations=38 (full 0):
 garbage-first heap   total reserved 2097152K, committed 189440K, used 173200K [0x0000000080000000, 0x0000000100000000)
  region size 1024K, 63 young (64512K), 4 survivors (4096K)
 Metaspace       used 96581K, committed 98752K, reserved 1179648K
  class space    used 13742K, committed 14784K, reserved 1048576K
}
Event: 22.189 GC heap after
{Heap after GC invocations=39 (full 0):
 garbage-first heap   total reserved 2097152K, committed 189440K, used 116413K [0x0000000080000000, 0x0000000100000000)
  region size 1024K, 6 young (6144K), 6 survivors (6144K)
 Metaspace       used 96581K, committed 98752K, reserved 1179648K
  class space    used 13742K, committed 14784K, reserved 1048576K
}
Event: 24.774 GC heap before
{Heap before GC invocations=40 (full 0):
 garbage-first heap   total reserved 2097152K, committed 194560K, used 171709K [0x0000000080000000, 0x0000000100000000)
  region size 1024K, 61 young (62464K), 6 survivors (6144K)
 Metaspace       used 97255K, committed 99520K, reserved 1179648K
  class space    used 13840K, committed 14912K, reserved 1048576K
}
Event: 24.783 GC heap after
{Heap after GC invocations=41 (full 0):
 garbage-first heap   total reserved 2097152K, committed 194560K, used 120036K [0x0000000080000000, 0x0000000100000000)
  region size 1024K, 7 young (7168K), 7 survivors (7168K)
 Metaspace       used 97255K, committed 99520K, reserved 1179648K
  class space    used 13840K, committed 14912K, reserved 1048576K
}
Event: 26.485 GC heap before
{Heap before GC invocations=41 (full 0):
 garbage-first heap   total reserved 2097152K, committed 194560K, used 175332K [0x0000000080000000, 0x0000000100000000)
  region size 1024K, 62 young (63488K), 7 survivors (7168K)
 Metaspace       used 99985K, committed 102144K, reserved 1179648K
  class space    used 14189K, committed 15232K, reserved 1048576K
}
Event: 26.501 GC heap after
{Heap after GC invocations=42 (full 0):
 garbage-first heap   total reserved 2097152K, committed 194560K, used 123460K [0x0000000080000000, 0x0000000100000000)
  region size 1024K, 8 young (8192K), 8 survivors (8192K)
 Metaspace       used 99985K, committed 102144K, reserved 1179648K
  class space    used 14189K, committed 15232K, reserved 1048576K
}
Event: 27.500 GC heap before
{Heap before GC invocations=42 (full 0):
 garbage-first heap   total reserved 2097152K, committed 194560K, used 174660K [0x0000000080000000, 0x0000000100000000)
  region size 1024K, 59 young (60416K), 8 survivors (8192K)
 Metaspace       used 100777K, committed 102976K, reserved 1179648K
  class space    used 14311K, committed 15360K, reserved 1048576K
}
Event: 27.513 GC heap after
{Heap after GC invocations=43 (full 0):
 garbage-first heap   total reserved 2097152K, committed 194560K, used 128673K [0x0000000080000000, 0x0000000100000000)
  region size 1024K, 6 young (6144K), 6 survivors (6144K)
 Metaspace       used 100777K, committed 102976K, reserved 1179648K
  class space    used 14311K, committed 15360K, reserved 1048576K
}
Event: 27.817 GC heap before
{Heap before GC invocations=44 (full 0):
 garbage-first heap   total reserved 2097152K, committed 217088K, used 173729K [0x0000000080000000, 0x0000000100000000)
  region size 1024K, 51 young (52224K), 6 survivors (6144K)
 Metaspace       used 101015K, committed 103232K, reserved 1179648K
  class space    used 14342K, committed 15360K, reserved 1048576K
}
Event: 27.827 GC heap after
{Heap after GC invocations=45 (full 0):
 garbage-first heap   total reserved 2097152K, committed 217088K, used 137031K [0x0000000080000000, 0x0000000100000000)
  region size 1024K, 7 young (7168K), 7 survivors (7168K)
 Metaspace       used 101015K, committed 103232K, reserved 1179648K
  class space    used 14342K, committed 15360K, reserved 1048576K
}
Event: 29.142 GC heap before
{Heap before GC invocations=45 (full 0):
 garbage-first heap   total reserved 2097152K, committed 217088K, used 196423K [0x0000000080000000, 0x0000000100000000)
  region size 1024K, 66 young (67584K), 7 survivors (7168K)
 Metaspace       used 104460K, committed 106688K, reserved 1179648K
  class space    used 14884K, committed 15936K, reserved 1048576K
}
Event: 29.157 GC heap after
{Heap after GC invocations=46 (full 0):
 garbage-first heap   total reserved 2097152K, committed 217088K, used 145326K [0x0000000080000000, 0x0000000100000000)
  region size 1024K, 8 young (8192K), 8 survivors (8192K)
 Metaspace       used 104460K, committed 106688K, reserved 1179648K
  class space    used 14884K, committed 15936K, reserved 1048576K
}
Event: 29.715 GC heap before
{Heap before GC invocations=46 (full 0):
 garbage-first heap   total reserved 2097152K, committed 217088K, used 195502K [0x0000000080000000, 0x0000000100000000)
  region size 1024K, 58 young (59392K), 8 survivors (8192K)
 Metaspace       used 105288K, committed 107456K, reserved 1179648K
  class space    used 14974K, committed 16000K, reserved 1048576K
}
Event: 29.732 GC heap after
{Heap after GC invocations=47 (full 0):
 garbage-first heap   total reserved 2097152K, committed 217088K, used 154624K [0x0000000080000000, 0x0000000100000000)
  region size 1024K, 8 young (8192K), 8 survivors (8192K)
 Metaspace       used 105288K, committed 107456K, reserved 1179648K
  class space    used 14974K, committed 16000K, reserved 1048576K
}
Event: 30.138 GC heap before
{Heap before GC invocations=48 (full 0):
 garbage-first heap   total reserved 2097152K, committed 258048K, used 193536K [0x0000000080000000, 0x0000000100000000)
  region size 1024K, 47 young (48128K), 8 survivors (8192K)
 Metaspace       used 105523K, committed 107712K, reserved 1179648K
  class space    used 15030K, committed 16064K, reserved 1048576K
}
Event: 30.158 GC heap after
{Heap after GC invocations=49 (full 0):
 garbage-first heap   total reserved 2097152K, committed 258048K, used 162185K [0x0000000080000000, 0x0000000100000000)
  region size 1024K, 6 young (6144K), 6 survivors (6144K)
 Metaspace       used 105523K, committed 107712K, reserved 1179648K
  class space    used 15030K, committed 16064K, reserved 1048576K
}
Event: 31.157 GC heap before
{Heap before GC invocations=49 (full 0):
 garbage-first heap   total reserved 2097152K, committed 258048K, used 229769K [0x0000000080000000, 0x0000000100000000)
  region size 1024K, 73 young (74752K), 6 survivors (6144K)
 Metaspace       used 107479K, committed 109696K, reserved 1179648K
  class space    used 15362K, committed 16448K, reserved 1048576K
}
Event: 31.191 GC heap after
{Heap after GC invocations=50 (full 0):
 garbage-first heap   total reserved 2097152K, committed 258048K, used 173693K [0x0000000080000000, 0x0000000100000000)
  region size 1024K, 10 young (10240K), 10 survivors (10240K)
 Metaspace       used 107479K, committed 109696K, reserved 1179648K
  class space    used 15362K, committed 16448K, reserved 1048576K
}

