# JRE version: Java(TM) SE Runtime Environment (22.0.2+9) (build 22.0.2+9-70)
# Java VM: Java HotSpot(TM) 64-Bit Server VM (22.0.2+9-70, mixed mode, sharing, tiered, compressed oops, compressed class ptrs, g1 gc, windows-amd64)
GC Precious Log:
 CardTable entry size: 512
 Card Set container configuration: InlinePtr #cards 5 size 8 Array Of Cards #cards 12 size 40 Howl #buckets 4 coarsen threshold 1843 Howl Bitmap #cards 512 size 80 coarsen threshold 460 Card regions per heap region 1 cards per card region 2048
 CPUs: 8 total, 8 available
 Memory: 12093M
 Large Page Support: Disabled
 NUMA Support: Disabled
 Compressed Oops: Enabled (32-bit)
 Heap Region Size: 1M
 Heap Min Capacity: 8M
 Heap Initial Capacity: 190M
 Heap Max Capacity: 2G
 Pre-touch: Disabled
 Parallel Workers: 8
 Concurrent Workers: 2
 Concurrent Refinement Workers: 8
 Periodic GC: Disabled
Heap:
 garbage-first heap   total reserved 2097152K, committed 135168K, used 93698K [0x0000000080000000, 0x0000000100000000)
  region size 1024K, 8 young (8192K), 4 survivors (4096K)
 Metaspace       used 76210K, committed 78144K, reserved 1179648K
  class space    used 10716K, committed 11648K, reserved 1048576K
GC Heap History (20 events):
Event: 20.082 GC heap before
{Heap before GC invocations=14 (full 0):
 garbage-first heap   total reserved 2097152K, committed 90112K, used 80306K [0x0000000080000000, 0x0000000100000000)
  region size 1024K, 36 young (36864K), 2 survivors (2048K)
 Metaspace       used 52841K, committed 54592K, reserved 1114112K
  class space    used 7707K, committed 8512K, reserved 1048576K
}
Event: 20.086 GC heap after
{Heap after GC invocations=15 (full 0):
 garbage-first heap   total reserved 2097152K, committed 90112K, used 46998K [0x0000000080000000, 0x0000000100000000)
  region size 1024K, 3 young (3072K), 3 survivors (3072K)
 Metaspace       used 52841K, committed 54592K, reserved 1114112K
  class space    used 7707K, committed 8512K, reserved 1048576K
}
Event: 20.871 GC heap before
{Heap before GC invocations=16 (full 0):
 garbage-first heap   total reserved 2097152K, committed 90112K, used 85910K [0x0000000080000000, 0x0000000100000000)
  region size 1024K, 36 young (36864K), 3 survivors (3072K)
 Metaspace       used 53287K, committed 54976K, reserved 1114112K
  class space    used 7788K, committed 8576K, reserved 1048576K
}
Event: 20.875 GC heap after
{Heap after GC invocations=17 (full 0):
 garbage-first heap   total reserved 2097152K, committed 93184K, used 56088K [0x0000000080000000, 0x0000000100000000)
  region size 1024K, 5 young (5120K), 5 survivors (5120K)
 Metaspace       used 53287K, committed 54976K, reserved 1114112K
  class space    used 7788K, committed 8576K, reserved 1048576K
}
Event: 21.470 GC heap before
{Heap before GC invocations=17 (full 0):
 garbage-first heap   total reserved 2097152K, committed 93184K, used 89880K [0x0000000080000000, 0x0000000100000000)
  region size 1024K, 30 young (30720K), 5 survivors (5120K)
 Metaspace       used 54682K, committed 56384K, reserved 1114112K
  class space    used 7970K, committed 8768K, reserved 1048576K
}
Event: 21.477 GC heap after
{Heap after GC invocations=18 (full 0):
 garbage-first heap   total reserved 2097152K, committed 103424K, used 69671K [0x0000000080000000, 0x0000000100000000)
  region size 1024K, 4 young (4096K), 4 survivors (4096K)
 Metaspace       used 54682K, committed 56384K, reserved 1114112K
  class space    used 7970K, committed 8768K, reserved 1048576K
}
Event: 21.912 GC heap before
{Heap before GC invocations=18 (full 0):
 garbage-first heap   total reserved 2097152K, committed 103424K, used 91175K [0x0000000080000000, 0x0000000100000000)
  region size 1024K, 26 young (26624K), 4 survivors (4096K)
 Metaspace       used 56551K, committed 58368K, reserved 1114112K
  class space    used 8211K, committed 9024K, reserved 1048576K
}
Event: 21.916 GC heap after
{Heap after GC invocations=19 (full 0):
 garbage-first heap   total reserved 2097152K, committed 125952K, used 70501K [0x0000000080000000, 0x0000000100000000)
  region size 1024K, 1 young (1024K), 1 survivors (1024K)
 Metaspace       used 56551K, committed 58368K, reserved 1114112K
  class space    used 8211K, committed 9024K, reserved 1048576K
}
Event: 23.171 GC heap before
{Heap before GC invocations=20 (full 0):
 garbage-first heap   total reserved 2097152K, committed 125952K, used 113509K [0x0000000080000000, 0x0000000100000000)
  region size 1024K, 44 young (45056K), 1 survivors (1024K)
 Metaspace       used 60883K, committed 62656K, reserved 1114112K
  class space    used 8658K, committed 9472K, reserved 1048576K
}
Event: 23.179 GC heap after
{Heap after GC invocations=21 (full 0):
 garbage-first heap   total reserved 2097152K, committed 125952K, used 71551K [0x0000000080000000, 0x0000000100000000)
  region size 1024K, 2 young (2048K), 2 survivors (2048K)
 Metaspace       used 60883K, committed 62656K, reserved 1114112K
  class space    used 8658K, committed 9472K, reserved 1048576K
}
Event: 24.394 GC heap before
{Heap before GC invocations=21 (full 0):
 garbage-first heap   total reserved 2097152K, committed 125952K, used 121727K [0x0000000080000000, 0x0000000100000000)
  region size 1024K, 46 young (47104K), 2 survivors (2048K)
 Metaspace       used 65749K, committed 67648K, reserved 1114112K
  class space    used 9352K, committed 10240K, reserved 1048576K
}
Event: 24.401 GC heap after
{Heap after GC invocations=22 (full 0):
 garbage-first heap   total reserved 2097152K, committed 130048K, used 77015K [0x0000000080000000, 0x0000000100000000)
  region size 1024K, 6 young (6144K), 6 survivors (6144K)
 Metaspace       used 65749K, committed 67648K, reserved 1114112K
  class space    used 9352K, committed 10240K, reserved 1048576K
}
Event: 25.330 GC heap before
{Heap before GC invocations=22 (full 0):
 garbage-first heap   total reserved 2097152K, committed 130048K, used 115927K [0x0000000080000000, 0x0000000100000000)
  region size 1024K, 44 young (45056K), 6 survivors (6144K)
 Metaspace       used 68499K, committed 70464K, reserved 1114112K
  class space    used 9694K, committed 10624K, reserved 1048576K
}
Event: 25.337 GC heap after
{Heap after GC invocations=23 (full 0):
 garbage-first heap   total reserved 2097152K, committed 130048K, used 79621K [0x0000000080000000, 0x0000000100000000)
  region size 1024K, 3 young (3072K), 3 survivors (3072K)
 Metaspace       used 68499K, committed 70464K, reserved 1114112K
  class space    used 9694K, committed 10624K, reserved 1048576K
}
Event: 26.388 GC heap before
{Heap before GC invocations=24 (full 0):
 garbage-first heap   total reserved 2097152K, committed 135168K, used 121605K [0x0000000080000000, 0x0000000100000000)
  region size 1024K, 40 young (40960K), 3 survivors (3072K)
 Metaspace       used 72044K, committed 73984K, reserved 1114112K
  class space    used 10156K, committed 11072K, reserved 1048576K
}
Event: 26.393 GC heap after
{Heap after GC invocations=25 (full 0):
 garbage-first heap   total reserved 2097152K, committed 135168K, used 86757K [0x0000000080000000, 0x0000000100000000)
  region size 1024K, 5 young (5120K), 5 survivors (5120K)
 Metaspace       used 72044K, committed 73984K, reserved 1114112K
  class space    used 10156K, committed 11072K, reserved 1048576K
}
Event: 27.210 GC heap before
{Heap before GC invocations=25 (full 0):
 garbage-first heap   total reserved 2097152K, committed 135168K, used 121573K [0x0000000080000000, 0x0000000100000000)
  region size 1024K, 39 young (39936K), 5 survivors (5120K)
 Metaspace       used 74410K, committed 76288K, reserved 1179648K
  class space    used 10488K, committed 11392K, reserved 1048576K
}
Event: 27.218 GC heap after
{Heap after GC invocations=26 (full 0):
 garbage-first heap   total reserved 2097152K, committed 135168K, used 88943K [0x0000000080000000, 0x0000000100000000)
  region size 1024K, 3 young (3072K), 3 survivors (3072K)
 Metaspace       used 74410K, committed 76288K, reserved 1179648K
  class space    used 10488K, committed 11392K, reserved 1048576K
}
Event: 28.054 GC heap before
{Heap before GC invocations=26 (full 0):
 garbage-first heap   total reserved 2097152K, committed 135168K, used 122735K [0x0000000080000000, 0x0000000100000000)
  region size 1024K, 36 young (36864K), 3 survivors (3072K)
 Metaspace       used 75959K, committed 77952K, reserved 1179648K
  class space    used 10679K, committed 11648K, reserved 1048576K
}
Event: 28.060 GC heap after
{Heap after GC invocations=27 (full 0):
 garbage-first heap   total reserved 2097152K, committed 135168K, used 90626K [0x0000000080000000, 0x0000000100000000)
  region size 1024K, 4 young (4096K), 4 survivors (4096K)
 Metaspace       used 75959K, committed 77952K, reserved 1179648K
  class space    used 10679K, committed 11648K, reserved 1048576K
}

