# JRE version: Java(TM) SE Runtime Environment (22.0.2+9) (build 22.0.2+9-70)
# Java VM: Java HotSpot(TM) 64-Bit Server VM (22.0.2+9-70, mixed mode, sharing, tiered, compressed oops, compressed class ptrs, g1 gc, windows-amd64)
GC Precious Log:
 CardTable entry size: 512
 Card Set container configuration: InlinePtr #cards 5 size 8 Array Of Cards #cards 12 size 40 Howl #buckets 4 coarsen threshold 1843 Howl Bitmap #cards 512 size 80 coarsen threshold 460 Card regions per heap region 1 cards per card region 2048
 CPUs: 8 total, 8 available
 Memory: 12093M
 Large Page Support: Disabled
 NUMA Support: Disabled
 Compressed Oops: Enabled (32-bit)
 Heap Region Size: 1M
 Heap Min Capacity: 8M
 Heap Initial Capacity: 190M
 Heap Max Capacity: 2G
 Pre-touch: Disabled
 Parallel Workers: 8
 Concurrent Workers: 2
 Concurrent Refinement Workers: 8
 Periodic GC: Disabled
Heap:
 garbage-first heap   total reserved 2097152K, committed 428032K, used 211632K [0x0000000080000000, 0x0000000100000000)
  region size 1024K, 12 young (12288K), 12 survivors (12288K)
 Metaspace       used 132707K, committed 135040K, reserved 1179648K
  class space    used 18395K, committed 19520K, reserved 1048576K
GC Heap History (20 events):
Event: 92.232 GC heap after
{Heap after GC invocations=89 (full 0):
 garbage-first heap   total reserved 2097152K, committed 428032K, used 176423K [0x0000000080000000, 0x0000000100000000)
  region size 1024K, 11 young (11264K), 11 survivors (11264K)
 Metaspace       used 132256K, committed 134656K, reserved 1179648K
  class space    used 18363K, committed 19520K, reserved 1048576K
}
Event: 92.929 GC heap before
{Heap before GC invocations=89 (full 0):
 garbage-first heap   total reserved 2097152K, committed 428032K, used 394535K [0x0000000080000000, 0x0000000100000000)
  region size 1024K, 223 young (228352K), 11 survivors (11264K)
 Metaspace       used 132326K, committed 134720K, reserved 1179648K
  class space    used 18364K, committed 19520K, reserved 1048576K
}
Event: 92.942 GC heap after
{Heap after GC invocations=90 (full 0):
 garbage-first heap   total reserved 2097152K, committed 428032K, used 175872K [0x0000000080000000, 0x0000000100000000)
  region size 1024K, 11 young (11264K), 11 survivors (11264K)
 Metaspace       used 132326K, committed 134720K, reserved 1179648K
  class space    used 18364K, committed 19520K, reserved 1048576K
}
Event: 93.684 GC heap before
{Heap before GC invocations=90 (full 0):
 garbage-first heap   total reserved 2097152K, committed 428032K, used 392960K [0x0000000080000000, 0x0000000100000000)
  region size 1024K, 223 young (228352K), 11 survivors (11264K)
 Metaspace       used 132421K, committed 134784K, reserved 1179648K
  class space    used 18379K, committed 19520K, reserved 1048576K
}
Event: 93.698 GC heap after
{Heap after GC invocations=91 (full 0):
 garbage-first heap   total reserved 2097152K, committed 428032K, used 178157K [0x0000000080000000, 0x0000000100000000)
  region size 1024K, 13 young (13312K), 13 survivors (13312K)
 Metaspace       used 132421K, committed 134784K, reserved 1179648K
  class space    used 18379K, committed 19520K, reserved 1048576K
}
Event: 94.530 GC heap before
{Heap before GC invocations=92 (full 0):
 garbage-first heap   total reserved 2097152K, committed 428032K, used 391149K [0x0000000080000000, 0x0000000100000000)
  region size 1024K, 221 young (226304K), 13 survivors (13312K)
 Metaspace       used 132470K, committed 134848K, reserved 1179648K
  class space    used 18381K, committed 19520K, reserved 1048576K
}
Event: 94.544 GC heap after
{Heap after GC invocations=93 (full 0):
 garbage-first heap   total reserved 2097152K, committed 428032K, used 174881K [0x0000000080000000, 0x0000000100000000)
  region size 1024K, 10 young (10240K), 10 survivors (10240K)
 Metaspace       used 132470K, committed 134848K, reserved 1179648K
  class space    used 18381K, committed 19520K, reserved 1048576K
}
Event: 95.700 GC heap before
{Heap before GC invocations=93 (full 0):
 garbage-first heap   total reserved 2097152K, committed 428032K, used 395041K [0x0000000080000000, 0x0000000100000000)
  region size 1024K, 224 young (229376K), 10 survivors (10240K)
 Metaspace       used 132529K, committed 134848K, reserved 1179648K
  class space    used 18390K, committed 19520K, reserved 1048576K
}
Event: 95.709 GC heap after
{Heap after GC invocations=94 (full 0):
 garbage-first heap   total reserved 2097152K, committed 428032K, used 165743K [0x0000000080000000, 0x0000000100000000)
  region size 1024K, 4 young (4096K), 4 survivors (4096K)
 Metaspace       used 132529K, committed 134848K, reserved 1179648K
  class space    used 18390K, committed 19520K, reserved 1048576K
}
Event: 96.542 GC heap before
{Heap before GC invocations=94 (full 0):
 garbage-first heap   total reserved 2097152K, committed 428032K, used 400239K [0x0000000080000000, 0x0000000100000000)
  region size 1024K, 233 young (238592K), 4 survivors (4096K)
 Metaspace       used 132591K, committed 134912K, reserved 1179648K
  class space    used 18390K, committed 19520K, reserved 1048576K
}
Event: 96.549 GC heap after
{Heap after GC invocations=95 (full 0):
 garbage-first heap   total reserved 2097152K, committed 428032K, used 167679K [0x0000000080000000, 0x0000000100000000)
  region size 1024K, 6 young (6144K), 6 survivors (6144K)
 Metaspace       used 132591K, committed 134912K, reserved 1179648K
  class space    used 18390K, committed 19520K, reserved 1048576K
}
Event: 97.316 GC heap before
{Heap before GC invocations=96 (full 0):
 garbage-first heap   total reserved 2097152K, committed 428032K, used 397055K [0x0000000080000000, 0x0000000100000000)
  region size 1024K, 231 young (236544K), 6 survivors (6144K)
 Metaspace       used 132657K, committed 134976K, reserved 1179648K
  class space    used 18393K, committed 19520K, reserved 1048576K
}
Event: 97.336 GC heap after
{Heap after GC invocations=97 (full 0):
 garbage-first heap   total reserved 2097152K, committed 428032K, used 181675K [0x0000000080000000, 0x0000000100000000)
  region size 1024K, 19 young (19456K), 19 survivors (19456K)
 Metaspace       used 132657K, committed 134976K, reserved 1179648K
  class space    used 18393K, committed 19520K, reserved 1048576K
}
Event: 97.733 GC heap before
{Heap before GC invocations=97 (full 0):
 garbage-first heap   total reserved 2097152K, committed 428032K, used 384427K [0x0000000080000000, 0x0000000100000000)
  region size 1024K, 218 young (223232K), 19 survivors (19456K)
 Metaspace       used 132668K, committed 134976K, reserved 1179648K
  class space    used 18393K, committed 19520K, reserved 1048576K
}
Event: 97.752 GC heap after
{Heap after GC invocations=98 (full 0):
 garbage-first heap   total reserved 2097152K, committed 428032K, used 176986K [0x0000000080000000, 0x0000000100000000)
  region size 1024K, 4 young (4096K), 4 survivors (4096K)
 Metaspace       used 132668K, committed 134976K, reserved 1179648K
  class space    used 18393K, committed 19520K, reserved 1048576K
}
Event: 98.198 GC heap before
{Heap before GC invocations=98 (full 0):
 garbage-first heap   total reserved 2097152K, committed 428032K, used 399194K [0x0000000080000000, 0x0000000100000000)
  region size 1024K, 222 young (227328K), 4 survivors (4096K)
 Metaspace       used 132694K, committed 135040K, reserved 1179648K
  class space    used 18395K, committed 19520K, reserved 1048576K
}
Event: 98.207 GC heap after
{Heap after GC invocations=99 (full 0):
 garbage-first heap   total reserved 2097152K, committed 428032K, used 185119K [0x0000000080000000, 0x0000000100000000)
  region size 1024K, 12 young (12288K), 12 survivors (12288K)
 Metaspace       used 132694K, committed 135040K, reserved 1179648K
  class space    used 18395K, committed 19520K, reserved 1048576K
}
Event: 98.661 GC heap before
{Heap before GC invocations=100 (full 0):
 garbage-first heap   total reserved 2097152K, committed 428032K, used 390943K [0x0000000080000000, 0x0000000100000000)
  region size 1024K, 214 young (219136K), 12 survivors (12288K)
 Metaspace       used 132702K, committed 135040K, reserved 1179648K
  class space    used 18395K, committed 19520K, reserved 1048576K
}
Event: 98.683 GC heap after
{Heap after GC invocations=101 (full 0):
 garbage-first heap   total reserved 2097152K, committed 428032K, used 204875K [0x0000000080000000, 0x0000000100000000)
  region size 1024K, 27 young (27648K), 27 survivors (27648K)
 Metaspace       used 132702K, committed 135040K, reserved 1179648K
  class space    used 18395K, committed 19520K, reserved 1048576K
}
Event: 98.946 GC heap before
{Heap before GC invocations=101 (full 0):
 garbage-first heap   total reserved 2097152K, committed 428032K, used 376907K [0x0000000080000000, 0x0000000100000000)
  region size 1024K, 195 young (199680K), 27 survivors (27648K)
 Metaspace       used 132707K, committed 135040K, reserved 1179648K
  class space    used 18395K, committed 19520K, reserved 1048576K
}

