# JRE version: Java(TM) SE Runtime Environment (22.0.2+9) (build 22.0.2+9-70)
# Java VM: Java HotSpot(TM) 64-Bit Server VM (22.0.2+9-70, mixed mode, sharing, tiered, compressed oops, compressed class ptrs, g1 gc, windows-amd64)
GC Precious Log:
 CardTable entry size: 512
 Card Set container configuration: InlinePtr #cards 4 size 8 Array Of Cards #cards 16 size 48 Howl #buckets 8 coarsen threshold 3686 Howl Bitmap #cards 512 size 80 coarsen threshold 460 Card regions per heap region 1 cards per card region 4096
 CPUs: 8 total, 8 available
 Memory: 12093M
 Large Page Support: Disabled
 NUMA Support: Disabled
 Compressed Oops: Enabled (Zero based)
 Heap Region Size: 2M
 Heap Min Capacity: 8M
 Heap Initial Capacity: 190M
 Heap Max Capacity: 3024M
 Pre-touch: Disabled
 Parallel Workers: 8
 Concurrent Workers: 2
 Concurrent Refinement Workers: 8
 Periodic GC: Disabled
Heap:
 garbage-first heap   total reserved 3096576K, committed 69632K, used 42991K [0x0000000743000000, 0x0000000800000000)
  region size 2048K, 4 young (8192K), 2 survivors (4096K)
 Metaspace       used 43397K, committed 44160K, reserved 1114112K
  class space    used 5429K, committed 5824K, reserved 1048576K
GC Heap History (20 events):
Event: 15.696 GC heap before
{Heap before GC invocations=2 (full 0):
 garbage-first heap   total reserved 3096576K, committed 194560K, used 21489K [0x0000000743000000, 0x0000000800000000)
  region size 2048K, 10 young (20480K), 3 survivors (6144K)
 Metaspace       used 21229K, committed 21504K, reserved 1114112K
  class space    used 2803K, committed 2944K, reserved 1048576K
}
Event: 15.708 GC heap after
{Heap after GC invocations=3 (full 0):
 garbage-first heap   total reserved 3096576K, committed 194560K, used 9712K [0x0000000743000000, 0x0000000800000000)
  region size 2048K, 3 young (6144K), 3 survivors (6144K)
 Metaspace       used 21229K, committed 21504K, reserved 1114112K
  class space    used 2803K, committed 2944K, reserved 1048576K
}
Event: 32.051 GC heap before
{Heap before GC invocations=4 (full 0):
 garbage-first heap   total reserved 3096576K, committed 36864K, used 36336K [0x0000000743000000, 0x0000000800000000)
  region size 2048K, 14 young (28672K), 3 survivors (6144K)
 Metaspace       used 21561K, committed 21888K, reserved 1114112K
  class space    used 2810K, committed 2944K, reserved 1048576K
}
Event: 32.080 GC heap after
{Heap after GC invocations=5 (full 0):
 garbage-first heap   total reserved 3096576K, committed 49152K, used 18082K [0x0000000743000000, 0x0000000800000000)
  region size 2048K, 6 young (12288K), 6 survivors (12288K)
 Metaspace       used 21561K, committed 21888K, reserved 1114112K
  class space    used 2810K, committed 2944K, reserved 1048576K
}
Event: 33.011 GC heap before
{Heap before GC invocations=5 (full 0):
 garbage-first heap   total reserved 3096576K, committed 49152K, used 32418K [0x0000000743000000, 0x0000000800000000)
  region size 2048K, 13 young (26624K), 6 survivors (12288K)
 Metaspace       used 22724K, committed 22912K, reserved 1114112K
  class space    used 3140K, committed 3200K, reserved 1048576K
}
Event: 33.067 GC heap after
{Heap after GC invocations=6 (full 0):
 garbage-first heap   total reserved 3096576K, committed 49152K, used 21405K [0x0000000743000000, 0x0000000800000000)
  region size 2048K, 2 young (4096K), 2 survivors (4096K)
 Metaspace       used 22724K, committed 22912K, reserved 1114112K
  class space    used 3140K, committed 3200K, reserved 1048576K
}
Event: 34.566 GC heap before
{Heap before GC invocations=6 (full 0):
 garbage-first heap   total reserved 3096576K, committed 49152K, used 37789K [0x0000000743000000, 0x0000000800000000)
  region size 2048K, 10 young (20480K), 2 survivors (4096K)
 Metaspace       used 26296K, committed 26560K, reserved 1114112K
  class space    used 3538K, committed 3648K, reserved 1048576K
}
Event: 34.586 GC heap after
{Heap after GC invocations=7 (full 0):
 garbage-first heap   total reserved 3096576K, committed 49152K, used 24553K [0x0000000743000000, 0x0000000800000000)
  region size 2048K, 2 young (4096K), 2 survivors (4096K)
 Metaspace       used 26296K, committed 26560K, reserved 1114112K
  class space    used 3538K, committed 3648K, reserved 1048576K
}
Event: 35.724 GC heap before
{Heap before GC invocations=7 (full 0):
 garbage-first heap   total reserved 3096576K, committed 49152K, used 38889K [0x0000000743000000, 0x0000000800000000)
  region size 2048K, 9 young (18432K), 2 survivors (4096K)
 Metaspace       used 27732K, committed 27904K, reserved 1114112K
  class space    used 3696K, committed 3776K, reserved 1048576K
}
Event: 35.737 GC heap after
{Heap after GC invocations=8 (full 0):
 garbage-first heap   total reserved 3096576K, committed 49152K, used 23819K [0x0000000743000000, 0x0000000800000000)
  region size 2048K, 2 young (4096K), 2 survivors (4096K)
 Metaspace       used 27732K, committed 27904K, reserved 1114112K
  class space    used 3696K, committed 3776K, reserved 1048576K
}
Event: 36.887 GC heap before
{Heap before GC invocations=9 (full 0):
 garbage-first heap   total reserved 3096576K, committed 49152K, used 38155K [0x0000000743000000, 0x0000000800000000)
  region size 2048K, 9 young (18432K), 2 survivors (4096K)
 Metaspace       used 30429K, committed 30720K, reserved 1114112K
  class space    used 3939K, committed 4096K, reserved 1048576K
}
Event: 36.899 GC heap after
{Heap after GC invocations=10 (full 0):
 garbage-first heap   total reserved 3096576K, committed 49152K, used 25206K [0x0000000743000000, 0x0000000800000000)
  region size 2048K, 1 young (2048K), 1 survivors (2048K)
 Metaspace       used 30429K, committed 30720K, reserved 1114112K
  class space    used 3939K, committed 4096K, reserved 1048576K
}
Event: 37.849 GC heap before
{Heap before GC invocations=10 (full 0):
 garbage-first heap   total reserved 3096576K, committed 49152K, used 39542K [0x0000000743000000, 0x0000000800000000)
  region size 2048K, 8 young (16384K), 1 survivors (2048K)
 Metaspace       used 32957K, committed 33472K, reserved 1114112K
  class space    used 4224K, committed 4480K, reserved 1048576K
}
Event: 37.872 GC heap after
{Heap after GC invocations=11 (full 0):
 garbage-first heap   total reserved 3096576K, committed 69632K, used 26086K [0x0000000743000000, 0x0000000800000000)
  region size 2048K, 1 young (2048K), 1 survivors (2048K)
 Metaspace       used 32957K, committed 33472K, reserved 1114112K
  class space    used 4224K, committed 4480K, reserved 1048576K
}
Event: 41.370 GC heap before
{Heap before GC invocations=11 (full 0):
 garbage-first heap   total reserved 3096576K, committed 69632K, used 52710K [0x0000000743000000, 0x0000000800000000)
  region size 2048K, 15 young (30720K), 1 survivors (2048K)
 Metaspace       used 37180K, committed 37952K, reserved 1114112K
  class space    used 4742K, committed 5120K, reserved 1048576K
}
Event: 41.396 GC heap after
{Heap after GC invocations=12 (full 0):
 garbage-first heap   total reserved 3096576K, committed 69632K, used 30085K [0x0000000743000000, 0x0000000800000000)
  region size 2048K, 2 young (4096K), 2 survivors (4096K)
 Metaspace       used 37180K, committed 37952K, reserved 1114112K
  class space    used 4742K, committed 5120K, reserved 1048576K
}
Event: 42.549 GC heap before
{Heap before GC invocations=12 (full 0):
 garbage-first heap   total reserved 3096576K, committed 69632K, used 56709K [0x0000000743000000, 0x0000000800000000)
  region size 2048K, 15 young (30720K), 2 survivors (4096K)
 Metaspace       used 39421K, committed 40192K, reserved 1114112K
  class space    used 5024K, committed 5376K, reserved 1048576K
}
Event: 42.577 GC heap after
{Heap after GC invocations=13 (full 0):
 garbage-first heap   total reserved 3096576K, committed 69632K, used 32790K [0x0000000743000000, 0x0000000800000000)
  region size 2048K, 2 young (4096K), 2 survivors (4096K)
 Metaspace       used 39421K, committed 40192K, reserved 1114112K
  class space    used 5024K, committed 5376K, reserved 1048576K
}
Event: 43.796 GC heap before
{Heap before GC invocations=13 (full 0):
 garbage-first heap   total reserved 3096576K, committed 69632K, used 45078K [0x0000000743000000, 0x0000000800000000)
  region size 2048K, 9 young (18432K), 2 survivors (4096K)
 Metaspace       used 40322K, committed 41088K, reserved 1114112K
  class space    used 5079K, committed 5440K, reserved 1048576K
}
Event: 43.809 GC heap after
{Heap after GC invocations=14 (full 0):
 garbage-first heap   total reserved 3096576K, committed 69632K, used 34120K [0x0000000743000000, 0x0000000800000000)
  region size 2048K, 2 young (4096K), 2 survivors (4096K)
 Metaspace       used 40322K, committed 41088K, reserved 1114112K
  class space    used 5079K, committed 5440K, reserved 1048576K
}

