# JRE version: Java(TM) SE Runtime Environment (22.0.2+9) (build 22.0.2+9-70)
# Java VM: Java HotSpot(TM) 64-Bit Server VM (22.0.2+9-70, mixed mode, sharing, tiered, compressed oops, compressed class ptrs, g1 gc, windows-amd64)
GC Precious Log:
 CardTable entry size: 512
 Card Set container configuration: InlinePtr #cards 5 size 8 Array Of Cards #cards 12 size 40 Howl #buckets 4 coarsen threshold 1843 Howl Bitmap #cards 512 size 80 coarsen threshold 460 Card regions per heap region 1 cards per card region 2048
 CPUs: 8 total, 8 available
 Memory: 12093M
 Large Page Support: Disabled
 NUMA Support: Disabled
 Compressed Oops: Enabled (32-bit)
 Heap Region Size: 1M
 Heap Min Capacity: 8M
 Heap Initial Capacity: 190M
 Heap Max Capacity: 2G
 Pre-touch: Disabled
 Parallel Workers: 8
 Concurrent Workers: 2
 Concurrent Refinement Workers: 8
 Periodic GC: Disabled
Heap:
 garbage-first heap   total reserved 2097152K, committed 296960K, used 216236K [0x0000000080000000, 0x0000000100000000)
  region size 1024K, 45 young (46080K), 8 survivors (8192K)
 Metaspace       used 173314K, committed 176000K, reserved 1245184K
  class space    used 22669K, committed 24000K, reserved 1048576K
GC Heap History (20 events):
Event: 99.700 GC heap before
{Heap before GC invocations=51 (full 0):
 garbage-first heap   total reserved 2097152K, committed 256000K, used 220738K [0x0000000080000000, 0x0000000100000000)
  region size 1024K, 69 young (70656K), 4 survivors (4096K)
 Metaspace       used 140410K, committed 142912K, reserved 1179648K
  class space    used 18497K, committed 19712K, reserved 1048576K
}
Event: 99.710 GC heap after
{Heap after GC invocations=52 (full 0):
 garbage-first heap   total reserved 2097152K, committed 256000K, used 157528K [0x0000000080000000, 0x0000000100000000)
  region size 1024K, 8 young (8192K), 8 survivors (8192K)
 Metaspace       used 140410K, committed 142912K, reserved 1179648K
  class space    used 18497K, committed 19712K, reserved 1048576K
}
Event: 100.700 GC heap before
{Heap before GC invocations=52 (full 0):
 garbage-first heap   total reserved 2097152K, committed 256000K, used 233304K [0x0000000080000000, 0x0000000100000000)
  region size 1024K, 82 young (83968K), 8 survivors (8192K)
 Metaspace       used 141042K, committed 143424K, reserved 1179648K
  class space    used 18538K, committed 19712K, reserved 1048576K
}
Event: 100.710 GC heap after
{Heap after GC invocations=53 (full 0):
 garbage-first heap   total reserved 2097152K, committed 256000K, used 150078K [0x0000000080000000, 0x0000000100000000)
  region size 1024K, 6 young (6144K), 6 survivors (6144K)
 Metaspace       used 141042K, committed 143424K, reserved 1179648K
  class space    used 18538K, committed 19712K, reserved 1048576K
}
Event: 103.284 GC heap before
{Heap before GC invocations=53 (full 0):
 garbage-first heap   total reserved 2097152K, committed 256000K, used 198206K [0x0000000080000000, 0x0000000100000000)
  region size 1024K, 54 young (55296K), 6 survivors (6144K)
 Metaspace       used 141269K, committed 143680K, reserved 1179648K
  class space    used 18555K, committed 19776K, reserved 1048576K
}
Event: 103.295 GC heap after
{Heap after GC invocations=54 (full 0):
 garbage-first heap   total reserved 2097152K, committed 256000K, used 155312K [0x0000000080000000, 0x0000000100000000)
  region size 1024K, 11 young (11264K), 11 survivors (11264K)
 Metaspace       used 141269K, committed 143680K, reserved 1179648K
  class space    used 18555K, committed 19776K, reserved 1048576K
}
Event: 104.042 GC heap before
{Heap before GC invocations=55 (full 0):
 garbage-first heap   total reserved 2097152K, committed 261120K, used 231088K [0x0000000080000000, 0x0000000100000000)
  region size 1024K, 84 young (86016K), 11 survivors (11264K)
 Metaspace       used 141479K, committed 143936K, reserved 1179648K
  class space    used 18566K, committed 19776K, reserved 1048576K
}
Event: 104.055 GC heap after
{Heap after GC invocations=56 (full 0):
 garbage-first heap   total reserved 2097152K, committed 261120K, used 162561K [0x0000000080000000, 0x0000000100000000)
  region size 1024K, 8 young (8192K), 8 survivors (8192K)
 Metaspace       used 141479K, committed 143936K, reserved 1179648K
  class space    used 18566K, committed 19776K, reserved 1048576K
}
Event: 107.725 GC heap before
{Heap before GC invocations=56 (full 0):
 garbage-first heap   total reserved 2097152K, committed 261120K, used 237313K [0x0000000080000000, 0x0000000100000000)
  region size 1024K, 81 young (82944K), 8 survivors (8192K)
 Metaspace       used 146137K, committed 148608K, reserved 1179648K
  class space    used 18880K, committed 20096K, reserved 1048576K
}
Event: 107.740 GC heap after
{Heap after GC invocations=57 (full 0):
 garbage-first heap   total reserved 2097152K, committed 261120K, used 167201K [0x0000000080000000, 0x0000000100000000)
  region size 1024K, 8 young (8192K), 8 survivors (8192K)
 Metaspace       used 146137K, committed 148608K, reserved 1179648K
  class space    used 18880K, committed 20096K, reserved 1048576K
}
Event: 108.695 GC heap before
{Heap before GC invocations=57 (full 0):
 garbage-first heap   total reserved 2097152K, committed 261120K, used 202017K [0x0000000080000000, 0x0000000100000000)
  region size 1024K, 43 young (44032K), 8 survivors (8192K)
 Metaspace       used 148717K, committed 151232K, reserved 1179648K
  class space    used 19244K, committed 20480K, reserved 1048576K
}
Event: 108.704 GC heap after
{Heap after GC invocations=58 (full 0):
 garbage-first heap   total reserved 2097152K, committed 261120K, used 169744K [0x0000000080000000, 0x0000000100000000)
  region size 1024K, 3 young (3072K), 3 survivors (3072K)
 Metaspace       used 148717K, committed 151232K, reserved 1179648K
  class space    used 19244K, committed 20480K, reserved 1048576K
}
Event: 110.758 GC heap before
{Heap before GC invocations=59 (full 0):
 garbage-first heap   total reserved 2097152K, committed 286720K, used 242448K [0x0000000080000000, 0x0000000100000000)
  region size 1024K, 73 young (74752K), 3 survivors (3072K)
 Metaspace       used 153692K, committed 156288K, reserved 1245184K
  class space    used 20146K, committed 21440K, reserved 1048576K
}
Event: 110.765 GC heap after
{Heap after GC invocations=60 (full 0):
 garbage-first heap   total reserved 2097152K, committed 286720K, used 171730K [0x0000000080000000, 0x0000000100000000)
  region size 1024K, 5 young (5120K), 5 survivors (5120K)
 Metaspace       used 153692K, committed 156288K, reserved 1245184K
  class space    used 20146K, committed 21440K, reserved 1048576K
}
Event: 113.992 GC heap before
{Heap before GC invocations=60 (full 0):
 garbage-first heap   total reserved 2097152K, committed 286720K, used 263890K [0x0000000080000000, 0x0000000100000000)
  region size 1024K, 95 young (97280K), 5 survivors (5120K)
 Metaspace       used 160321K, committed 162944K, reserved 1245184K
  class space    used 21149K, committed 22400K, reserved 1048576K
}
Event: 114.007 GC heap after
{Heap after GC invocations=61 (full 0):
 garbage-first heap   total reserved 2097152K, committed 286720K, used 167632K [0x0000000080000000, 0x0000000100000000)
  region size 1024K, 9 young (9216K), 9 survivors (9216K)
 Metaspace       used 160321K, committed 162944K, reserved 1245184K
  class space    used 21149K, committed 22400K, reserved 1048576K
}
Event: 116.113 GC heap before
{Heap before GC invocations=61 (full 0):
 garbage-first heap   total reserved 2097152K, committed 286720K, used 229072K [0x0000000080000000, 0x0000000100000000)
  region size 1024K, 71 young (72704K), 9 survivors (9216K)
 Metaspace       used 163855K, committed 166464K, reserved 1245184K
  class space    used 21572K, committed 22848K, reserved 1048576K
}
Event: 116.130 GC heap after
{Heap after GC invocations=62 (full 0):
 garbage-first heap   total reserved 2097152K, committed 286720K, used 175140K [0x0000000080000000, 0x0000000100000000)
  region size 1024K, 13 young (13312K), 13 survivors (13312K)
 Metaspace       used 163855K, committed 166464K, reserved 1245184K
  class space    used 21572K, committed 22848K, reserved 1048576K
}
Event: 122.482 GC heap before
{Heap before GC invocations=63 (full 0):
 garbage-first heap   total reserved 2097152K, committed 296960K, used 258084K [0x0000000080000000, 0x0000000100000000)
  region size 1024K, 93 young (95232K), 13 survivors (13312K)
 Metaspace       used 173052K, committed 175744K, reserved 1245184K
  class space    used 22663K, committed 24000K, reserved 1048576K
}
Event: 122.505 GC heap after
{Heap after GC invocations=64 (full 0):
 garbage-first heap   total reserved 2097152K, committed 296960K, used 179372K [0x0000000080000000, 0x0000000100000000)
  region size 1024K, 8 young (8192K), 8 survivors (8192K)
 Metaspace       used 173052K, committed 175744K, reserved 1245184K
  class space    used 22663K, committed 24000K, reserved 1048576K
}

